The target system is: Android - 15 - i686
The host system is: Darwin - 16.3.0 - x86_64
Determining if the C compiler works passed with the following output:
Change Dir: /Users/krishna/Documents/video-trimmer2/app/.externalNativeBuild/cmake/release/x86/CMakeFiles/CMakeTmp

Run Build Command:"/Users/krishna/Library/Android/sdk/android-sdk-macosx/cmake/3.6.3155560/bin/ninja" "cmTC_a236a"
[1/2] Building C object CMakeFiles/cmTC_a236a.dir/testCCompiler.c.o
[2/2] Linking C executable cmTC_a236a


Detecting C compiler ABI info compiled with the following output:
Change Dir: /Users/krishna/Documents/video-trimmer2/app/.externalNativeBuild/cmake/release/x86/CMakeFiles/CMakeTmp

Run Build Command:"/Users/krishna/Library/Android/sdk/android-sdk-macosx/cmake/3.6.3155560/bin/ninja" "cmTC_3e7db"
[1/2] Building C object CMakeFiles/cmTC_3e7db.dir/CMakeCCompilerABI.c.o
[2/2] Linking C executable cmTC_3e7db
Android clang version 3.8.256229  (based on LLVM 3.8.256229)
Target: i686-none-linux-android
Thread model: posix
InstalledDir: /Users/krishna/Downloads/android-ndk-r13b/toolchains/llvm/prebuilt/darwin-x86_64/bin
Found candidate GCC installation: /Users/krishna/Downloads/android-ndk-r13b/toolchains/x86-4.9/prebuilt/darwin-x86_64/lib/gcc/i686-linux-android/4.9.x
Selected GCC installation: /Users/krishna/Downloads/android-ndk-r13b/toolchains/x86-4.9/prebuilt/darwin-x86_64/lib/gcc/i686-linux-android/4.9.x
Candidate multilib: .;@m32
Selected multilib: .;@m32
 "/Users/krishna/Downloads/android-ndk-r13b/toolchains/x86-4.9/prebuilt/darwin-x86_64/lib/gcc/i686-linux-android/4.9.x/../../../../i686-linux-android/bin/ld" --sysroot=/Users/krishna/Downloads/android-ndk-r13b/platforms/android-15/arch-x86 --eh-frame-hdr -m elf_i386 -dynamic-linker /system/bin/linker -o cmTC_3e7db /Users/krishna/Downloads/android-ndk-r13b/platforms/android-15/arch-x86/usr/lib/crtbegin_dynamic.o -L/Users/krishna/Downloads/android-ndk-r13b/toolchains/x86-4.9/prebuilt/darwin-x86_64/lib/gcc/i686-linux-android/4.9.x -L/Users/krishna/Downloads/android-ndk-r13b/toolchains/x86-4.9/prebuilt/darwin-x86_64/lib/gcc/i686-linux-android/4.9.x/../../../../i686-linux-android/lib -L/Users/krishna/Downloads/android-ndk-r13b/platforms/android-15/arch-x86/usr/lib --build-id --warn-shared-textrel --fatal-warnings --no-undefined -z noexecstack -z relro -z now --gc-sections -z nocopyreloc --build-id --warn-shared-textrel --fatal-warnings --no-undefined -z noexecstack -z relro -z now --gc-sections -z nocopyreloc CMakeFiles/cmTC_3e7db.dir/CMakeCCompilerABI.c.o -lgcc -ldl -lc -lgcc -ldl /Users/krishna/Downloads/android-ndk-r13b/platforms/android-15/arch-x86/usr/lib/crtend_android.o


Parsed C implicit link information from above output:
  link line regex: [^( *|.*[/\])(i686-linux-android-ld|([^/\]+-)?ld|collect2)[^/\]*( |$)]
  ignore line: [Change Dir: /Users/krishna/Documents/video-trimmer2/app/.externalNativeBuild/cmake/release/x86/CMakeFiles/CMakeTmp]
  ignore line: []
  ignore line: [Run Build Command:"/Users/krishna/Library/Android/sdk/android-sdk-macosx/cmake/3.6.3155560/bin/ninja" "cmTC_3e7db"]
  ignore line: [[1/2] Building C object CMakeFiles/cmTC_3e7db.dir/CMakeCCompilerABI.c.o]
  ignore line: [[2/2] Linking C executable cmTC_3e7db]
  ignore line: [Android clang version 3.8.256229  (based on LLVM 3.8.256229)]
  ignore line: [Target: i686-none-linux-android]
  ignore line: [Thread model: posix]
  ignore line: [InstalledDir: /Users/krishna/Downloads/android-ndk-r13b/toolchains/llvm/prebuilt/darwin-x86_64/bin]
  ignore line: [Found candidate GCC installation: /Users/krishna/Downloads/android-ndk-r13b/toolchains/x86-4.9/prebuilt/darwin-x86_64/lib/gcc/i686-linux-android/4.9.x]
  ignore line: [Selected GCC installation: /Users/krishna/Downloads/android-ndk-r13b/toolchains/x86-4.9/prebuilt/darwin-x86_64/lib/gcc/i686-linux-android/4.9.x]
  ignore line: [Candidate multilib: .]
  ignore line: [@m32]
  ignore line: [Selected multilib: .]
  ignore line: [@m32]
  link line: [ "/Users/krishna/Downloads/android-ndk-r13b/toolchains/x86-4.9/prebuilt/darwin-x86_64/lib/gcc/i686-linux-android/4.9.x/../../../../i686-linux-android/bin/ld" --sysroot=/Users/krishna/Downloads/android-ndk-r13b/platforms/android-15/arch-x86 --eh-frame-hdr -m elf_i386 -dynamic-linker /system/bin/linker -o cmTC_3e7db /Users/krishna/Downloads/android-ndk-r13b/platforms/android-15/arch-x86/usr/lib/crtbegin_dynamic.o -L/Users/krishna/Downloads/android-ndk-r13b/toolchains/x86-4.9/prebuilt/darwin-x86_64/lib/gcc/i686-linux-android/4.9.x -L/Users/krishna/Downloads/android-ndk-r13b/toolchains/x86-4.9/prebuilt/darwin-x86_64/lib/gcc/i686-linux-android/4.9.x/../../../../i686-linux-android/lib -L/Users/krishna/Downloads/android-ndk-r13b/platforms/android-15/arch-x86/usr/lib --build-id --warn-shared-textrel --fatal-warnings --no-undefined -z noexecstack -z relro -z now --gc-sections -z nocopyreloc --build-id --warn-shared-textrel --fatal-warnings --no-undefined -z noexecstack -z relro -z now --gc-sections -z nocopyreloc CMakeFiles/cmTC_3e7db.dir/CMakeCCompilerABI.c.o -lgcc -ldl -lc -lgcc -ldl /Users/krishna/Downloads/android-ndk-r13b/platforms/android-15/arch-x86/usr/lib/crtend_android.o]
    arg [/Users/krishna/Downloads/android-ndk-r13b/toolchains/x86-4.9/prebuilt/darwin-x86_64/lib/gcc/i686-linux-android/4.9.x/../../../../i686-linux-android/bin/ld] ==> ignore
    arg [--sysroot=/Users/krishna/Downloads/android-ndk-r13b/platforms/android-15/arch-x86] ==> ignore
    arg [--eh-frame-hdr] ==> ignore
    arg [-m] ==> ignore
    arg [elf_i386] ==> ignore
    arg [-dynamic-linker] ==> ignore
    arg [/system/bin/linker] ==> ignore
    arg [-o] ==> ignore
    arg [cmTC_3e7db] ==> ignore
    arg [/Users/krishna/Downloads/android-ndk-r13b/platforms/android-15/arch-x86/usr/lib/crtbegin_dynamic.o] ==> ignore
    arg [-L/Users/krishna/Downloads/android-ndk-r13b/toolchains/x86-4.9/prebuilt/darwin-x86_64/lib/gcc/i686-linux-android/4.9.x] ==> dir [/Users/krishna/Downloads/android-ndk-r13b/toolchains/x86-4.9/prebuilt/darwin-x86_64/lib/gcc/i686-linux-android/4.9.x]
    arg [-L/Users/krishna/Downloads/android-ndk-r13b/toolchains/x86-4.9/prebuilt/darwin-x86_64/lib/gcc/i686-linux-android/4.9.x/../../../../i686-linux-android/lib] ==> dir [/Users/krishna/Downloads/android-ndk-r13b/toolchains/x86-4.9/prebuilt/darwin-x86_64/lib/gcc/i686-linux-android/4.9.x/../../../../i686-linux-android/lib]
    arg [-L/Users/krishna/Downloads/android-ndk-r13b/platforms/android-15/arch-x86/usr/lib] ==> dir [/Users/krishna/Downloads/android-ndk-r13b/platforms/android-15/arch-x86/usr/lib]
    arg [--build-id] ==> ignore
    arg [--warn-shared-textrel] ==> ignore
    arg [--fatal-warnings] ==> ignore
    arg [--no-undefined] ==> ignore
    arg [-znoexecstack] ==> ignore
    arg [-zrelro] ==> ignore
    arg [-znow] ==> ignore
    arg [--gc-sections] ==> ignore
    arg [-znocopyreloc] ==> ignore
    arg [--build-id] ==> ignore
    arg [--warn-shared-textrel] ==> ignore
    arg [--fatal-warnings] ==> ignore
    arg [--no-undefined] ==> ignore
    arg [-znoexecstack] ==> ignore
    arg [-zrelro] ==> ignore
    arg [-znow] ==> ignore
    arg [--gc-sections] ==> ignore
    arg [-znocopyreloc] ==> ignore
    arg [CMakeFiles/cmTC_3e7db.dir/CMakeCCompilerABI.c.o] ==> ignore
    arg [-lgcc] ==> lib [gcc]
    arg [-ldl] ==> lib [dl]
    arg [-lc] ==> lib [c]
    arg [-lgcc] ==> lib [gcc]
    arg [-ldl] ==> lib [dl]
    arg [/Users/krishna/Downloads/android-ndk-r13b/platforms/android-15/arch-x86/usr/lib/crtend_android.o] ==> ignore
  remove lib [gcc]
  remove lib [gcc]
  collapse library dir [/Users/krishna/Downloads/android-ndk-r13b/toolchains/x86-4.9/prebuilt/darwin-x86_64/lib/gcc/i686-linux-android/4.9.x] ==> [/Users/krishna/Downloads/android-ndk-r13b/toolchains/x86-4.9/prebuilt/darwin-x86_64/lib/gcc/i686-linux-android/4.9.x]
  collapse library dir [/Users/krishna/Downloads/android-ndk-r13b/toolchains/x86-4.9/prebuilt/darwin-x86_64/lib/gcc/i686-linux-android/4.9.x/../../../../i686-linux-android/lib] ==> [/Users/krishna/Downloads/android-ndk-r13b/toolchains/x86-4.9/prebuilt/darwin-x86_64/i686-linux-android/lib]
  collapse library dir [/Users/krishna/Downloads/android-ndk-r13b/platforms/android-15/arch-x86/usr/lib] ==> [/Users/krishna/Downloads/android-ndk-r13b/platforms/android-15/arch-x86/usr/lib]
  implicit libs: [dl;c;dl]
  implicit dirs: [/Users/krishna/Downloads/android-ndk-r13b/toolchains/x86-4.9/prebuilt/darwin-x86_64/lib/gcc/i686-linux-android/4.9.x;/Users/krishna/Downloads/android-ndk-r13b/toolchains/x86-4.9/prebuilt/darwin-x86_64/i686-linux-android/lib;/Users/krishna/Downloads/android-ndk-r13b/platforms/android-15/arch-x86/usr/lib]
  implicit fwks: []


Determining if the CXX compiler works passed with the following output:
Change Dir: /Users/krishna/Documents/video-trimmer2/app/.externalNativeBuild/cmake/release/x86/CMakeFiles/CMakeTmp

Run Build Command:"/Users/krishna/Library/Android/sdk/android-sdk-macosx/cmake/3.6.3155560/bin/ninja" "cmTC_fa4cf"
[1/2] Building CXX object CMakeFiles/cmTC_fa4cf.dir/testCXXCompiler.cxx.o
[2/2] Linking CXX executable cmTC_fa4cf


Detecting CXX compiler ABI info compiled with the following output:
Change Dir: /Users/krishna/Documents/video-trimmer2/app/.externalNativeBuild/cmake/release/x86/CMakeFiles/CMakeTmp

Run Build Command:"/Users/krishna/Library/Android/sdk/android-sdk-macosx/cmake/3.6.3155560/bin/ninja" "cmTC_9c4cf"
[1/2] Building CXX object CMakeFiles/cmTC_9c4cf.dir/CMakeCXXCompilerABI.cpp.o
[2/2] Linking CXX executable cmTC_9c4cf
Android clang version 3.8.256229  (based on LLVM 3.8.256229)
Target: i686-none-linux-android
Thread model: posix
InstalledDir: /Users/krishna/Downloads/android-ndk-r13b/toolchains/llvm/prebuilt/darwin-x86_64/bin
Found candidate GCC installation: /Users/krishna/Downloads/android-ndk-r13b/toolchains/x86-4.9/prebuilt/darwin-x86_64/lib/gcc/i686-linux-android/4.9.x
Selected GCC installation: /Users/krishna/Downloads/android-ndk-r13b/toolchains/x86-4.9/prebuilt/darwin-x86_64/lib/gcc/i686-linux-android/4.9.x
Candidate multilib: .;@m32
Selected multilib: .;@m32
 "/Users/krishna/Downloads/android-ndk-r13b/toolchains/x86-4.9/prebuilt/darwin-x86_64/lib/gcc/i686-linux-android/4.9.x/../../../../i686-linux-android/bin/ld" --sysroot=/Users/krishna/Downloads/android-ndk-r13b/platforms/android-15/arch-x86 --eh-frame-hdr -m elf_i386 -dynamic-linker /system/bin/linker -o cmTC_9c4cf /Users/krishna/Downloads/android-ndk-r13b/platforms/android-15/arch-x86/usr/lib/crtbegin_dynamic.o -L/Users/krishna/Downloads/android-ndk-r13b/toolchains/x86-4.9/prebuilt/darwin-x86_64/lib/gcc/i686-linux-android/4.9.x -L/Users/krishna/Downloads/android-ndk-r13b/toolchains/x86-4.9/prebuilt/darwin-x86_64/lib/gcc/i686-linux-android/4.9.x/../../../../i686-linux-android/lib -L/Users/krishna/Downloads/android-ndk-r13b/platforms/android-15/arch-x86/usr/lib --build-id --warn-shared-textrel --fatal-warnings --no-undefined -z noexecstack -z relro -z now --gc-sections -z nocopyreloc --build-id --warn-shared-textrel --fatal-warnings --no-undefined -z noexecstack -z relro -z now --gc-sections -z nocopyreloc CMakeFiles/cmTC_9c4cf.dir/CMakeCXXCompilerABI.cpp.o -lstdc++ -lm -lgcc -lgcc -ldl -lc -lgcc -lgcc -ldl /Users/krishna/Downloads/android-ndk-r13b/platforms/android-15/arch-x86/usr/lib/crtend_android.o


Parsed CXX implicit link information from above output:
  link line regex: [^( *|.*[/\])(i686-linux-android-ld|([^/\]+-)?ld|collect2)[^/\]*( |$)]
  ignore line: [Change Dir: /Users/krishna/Documents/video-trimmer2/app/.externalNativeBuild/cmake/release/x86/CMakeFiles/CMakeTmp]
  ignore line: []
  ignore line: [Run Build Command:"/Users/krishna/Library/Android/sdk/android-sdk-macosx/cmake/3.6.3155560/bin/ninja" "cmTC_9c4cf"]
  ignore line: [[1/2] Building CXX object CMakeFiles/cmTC_9c4cf.dir/CMakeCXXCompilerABI.cpp.o]
  ignore line: [[2/2] Linking CXX executable cmTC_9c4cf]
  ignore line: [Android clang version 3.8.256229  (based on LLVM 3.8.256229)]
  ignore line: [Target: i686-none-linux-android]
  ignore line: [Thread model: posix]
  ignore line: [InstalledDir: /Users/krishna/Downloads/android-ndk-r13b/toolchains/llvm/prebuilt/darwin-x86_64/bin]
  ignore line: [Found candidate GCC installation: /Users/krishna/Downloads/android-ndk-r13b/toolchains/x86-4.9/prebuilt/darwin-x86_64/lib/gcc/i686-linux-android/4.9.x]
  ignore line: [Selected GCC installation: /Users/krishna/Downloads/android-ndk-r13b/toolchains/x86-4.9/prebuilt/darwin-x86_64/lib/gcc/i686-linux-android/4.9.x]
  ignore line: [Candidate multilib: .]
  ignore line: [@m32]
  ignore line: [Selected multilib: .]
  ignore line: [@m32]
  link line: [ "/Users/krishna/Downloads/android-ndk-r13b/toolchains/x86-4.9/prebuilt/darwin-x86_64/lib/gcc/i686-linux-android/4.9.x/../../../../i686-linux-android/bin/ld" --sysroot=/Users/krishna/Downloads/android-ndk-r13b/platforms/android-15/arch-x86 --eh-frame-hdr -m elf_i386 -dynamic-linker /system/bin/linker -o cmTC_9c4cf /Users/krishna/Downloads/android-ndk-r13b/platforms/android-15/arch-x86/usr/lib/crtbegin_dynamic.o -L/Users/krishna/Downloads/android-ndk-r13b/toolchains/x86-4.9/prebuilt/darwin-x86_64/lib/gcc/i686-linux-android/4.9.x -L/Users/krishna/Downloads/android-ndk-r13b/toolchains/x86-4.9/prebuilt/darwin-x86_64/lib/gcc/i686-linux-android/4.9.x/../../../../i686-linux-android/lib -L/Users/krishna/Downloads/android-ndk-r13b/platforms/android-15/arch-x86/usr/lib --build-id --warn-shared-textrel --fatal-warnings --no-undefined -z noexecstack -z relro -z now --gc-sections -z nocopyreloc --build-id --warn-shared-textrel --fatal-warnings --no-undefined -z noexecstack -z relro -z now --gc-sections -z nocopyreloc CMakeFiles/cmTC_9c4cf.dir/CMakeCXXCompilerABI.cpp.o -lstdc++ -lm -lgcc -lgcc -ldl -lc -lgcc -lgcc -ldl /Users/krishna/Downloads/android-ndk-r13b/platforms/android-15/arch-x86/usr/lib/crtend_android.o]
    arg [/Users/krishna/Downloads/android-ndk-r13b/toolchains/x86-4.9/prebuilt/darwin-x86_64/lib/gcc/i686-linux-android/4.9.x/../../../../i686-linux-android/bin/ld] ==> ignore
    arg [--sysroot=/Users/krishna/Downloads/android-ndk-r13b/platforms/android-15/arch-x86] ==> ignore
    arg [--eh-frame-hdr] ==> ignore
    arg [-m] ==> ignore
    arg [elf_i386] ==> ignore
    arg [-dynamic-linker] ==> ignore
    arg [/system/bin/linker] ==> ignore
    arg [-o] ==> ignore
    arg [cmTC_9c4cf] ==> ignore
    arg [/Users/krishna/Downloads/android-ndk-r13b/platforms/android-15/arch-x86/usr/lib/crtbegin_dynamic.o] ==> ignore
    arg [-L/Users/krishna/Downloads/android-ndk-r13b/toolchains/x86-4.9/prebuilt/darwin-x86_64/lib/gcc/i686-linux-android/4.9.x] ==> dir [/Users/krishna/Downloads/android-ndk-r13b/toolchains/x86-4.9/prebuilt/darwin-x86_64/lib/gcc/i686-linux-android/4.9.x]
    arg [-L/Users/krishna/Downloads/android-ndk-r13b/toolchains/x86-4.9/prebuilt/darwin-x86_64/lib/gcc/i686-linux-android/4.9.x/../../../../i686-linux-android/lib] ==> dir [/Users/krishna/Downloads/android-ndk-r13b/toolchains/x86-4.9/prebuilt/darwin-x86_64/lib/gcc/i686-linux-android/4.9.x/../../../../i686-linux-android/lib]
    arg [-L/Users/krishna/Downloads/android-ndk-r13b/platforms/android-15/arch-x86/usr/lib] ==> dir [/Users/krishna/Downloads/android-ndk-r13b/platforms/android-15/arch-x86/usr/lib]
    arg [--build-id] ==> ignore
    arg [--warn-shared-textrel] ==> ignore
    arg [--fatal-warnings] ==> ignore
    arg [--no-undefined] ==> ignore
    arg [-znoexecstack] ==> ignore
    arg [-zrelro] ==> ignore
    arg [-znow] ==> ignore
    arg [--gc-sections] ==> ignore
    arg [-znocopyreloc] ==> ignore
    arg [--build-id] ==> ignore
    arg [--warn-shared-textrel] ==> ignore
    arg [--fatal-warnings] ==> ignore
    arg [--no-undefined] ==> ignore
    arg [-znoexecstack] ==> ignore
    arg [-zrelro] ==> ignore
    arg [-znow] ==> ignore
    arg [--gc-sections] ==> ignore
    arg [-znocopyreloc] ==> ignore
    arg [CMakeFiles/cmTC_9c4cf.dir/CMakeCXXCompilerABI.cpp.o] ==> ignore
    arg [-lstdc++] ==> lib [stdc++]
    arg [-lm] ==> lib [m]
    arg [-lgcc] ==> lib [gcc]
    arg [-lgcc] ==> lib [gcc]
    arg [-ldl] ==> lib [dl]
    arg [-lc] ==> lib [c]
    arg [-lgcc] ==> lib [gcc]
    arg [-lgcc] ==> lib [gcc]
    arg [-ldl] ==> lib [dl]
    arg [/Users/krishna/Downloads/android-ndk-r13b/platforms/android-15/arch-x86/usr/lib/crtend_android.o] ==> ignore
  remove lib [gcc]
  remove lib [gcc]
  remove lib [gcc]
  remove lib [gcc]
  collapse library dir [/Users/krishna/Downloads/android-ndk-r13b/toolchains/x86-4.9/prebuilt/darwin-x86_64/lib/gcc/i686-linux-android/4.9.x] ==> [/Users/krishna/Downloads/android-ndk-r13b/toolchains/x86-4.9/prebuilt/darwin-x86_64/lib/gcc/i686-linux-android/4.9.x]
  collapse library dir [/Users/krishna/Downloads/android-ndk-r13b/toolchains/x86-4.9/prebuilt/darwin-x86_64/lib/gcc/i686-linux-android/4.9.x/../../../../i686-linux-android/lib] ==> [/Users/krishna/Downloads/android-ndk-r13b/toolchains/x86-4.9/prebuilt/darwin-x86_64/i686-linux-android/lib]
  collapse library dir [/Users/krishna/Downloads/android-ndk-r13b/platforms/android-15/arch-x86/usr/lib] ==> [/Users/krishna/Downloads/android-ndk-r13b/platforms/android-15/arch-x86/usr/lib]
  implicit libs: [stdc++;m;dl;c;dl]
  implicit dirs: [/Users/krishna/Downloads/android-ndk-r13b/toolchains/x86-4.9/prebuilt/darwin-x86_64/lib/gcc/i686-linux-android/4.9.x;/Users/krishna/Downloads/android-ndk-r13b/toolchains/x86-4.9/prebuilt/darwin-x86_64/i686-linux-android/lib;/Users/krishna/Downloads/android-ndk-r13b/platforms/android-15/arch-x86/usr/lib]
  implicit fwks: []


